{
  "RSpec": {
    "coverage": {
      "/home/rohan/Documents/_1web-practise/waefinal2017_v4/config/environment.rb": [
        null,
        1,
        null,
        null,
        1
      ],
      "/home/rohan/Documents/_1web-practise/waefinal2017_v4/config/environments/test.rb": [
        1,
        null,
        null,
        null,
        null,
        null,
        null,
        1,
        null,
        null,
        null,
        null,
        1,
        null,
        null,
        1,
        1,
        null,
        null,
        null,
        null,
        1,
        1,
        null,
        null,
        1,
        null,
        null,
        1,
        null,
        null,
        1,
        null,
        1,
        null,
        null,
        null,
        null,
        1,
        null,
        null,
        1,
        null,
        null,
        null,
        null
      ],
      "/home/rohan/Documents/_1web-practise/waefinal2017_v4/config/initializers/application_controller_renderer.rb": [
        null,
        null,
        null,
        null,
        null,
        null,
        null,
        null
      ],
      "/home/rohan/Documents/_1web-practise/waefinal2017_v4/config/initializers/assets.rb": [
        null,
        null,
        null,
        1,
        null,
        null,
        null,
        null,
        1,
        null,
        null,
        null,
        null,
        null
      ],
      "/home/rohan/Documents/_1web-practise/waefinal2017_v4/config/initializers/backtrace_silencers.rb": [
        null,
        null,
        null,
        null,
        null,
        null,
        null
      ],
      "/home/rohan/Documents/_1web-practise/waefinal2017_v4/config/initializers/content_security_policy.rb": [
        null,
        null,
        null,
        null,
        null,
        null,
        null,
        null,
        null,
        null,
        null,
        null,
        null,
        null,
        null,
        null,
        null,
        null,
        null,
        null,
        null,
        null,
        null,
        null,
        null
      ],
      "/home/rohan/Documents/_1web-practise/waefinal2017_v4/config/initializers/cookies_serializer.rb": [
        null,
        null,
        null,
        null,
        1
      ],
      "/home/rohan/Documents/_1web-practise/waefinal2017_v4/config/initializers/devise.rb": [
        null,
        null,
        null,
        null,
        1,
        null,
        null,
        null,
        null,
        null,
        null,
        null,
        null,
        null,
        null,
        null,
        null,
        null,
        null,
        null,
        1,
        null,
        null,
        null,
        null,
        null,
        null,
        null,
        null,
        null,
        null,
        null,
        1,
        null,
        null,
        null,
        null,
        null,
        null,
        null,
        null,
        null,
        null,
        null,
        null,
        null,
        null,
        null,
        null,
        null,
        null,
        null,
        null,
        null,
        1,
        null,
        null,
        null,
        null,
        1,
        null,
        null,
        null,
        null,
        null,
        null,
        null,
        null,
        null,
        null,
        null,
        null,
        null,
        null,
        null,
        null,
        null,
        null,
        null,
        null,
        null,
        null,
        null,
        null,
        null,
        null,
        null,
        null,
        null,
        null,
        1,
        null,
        null,
        null,
        null,
        null,
        null,
        null,
        null,
        null,
        null,
        null,
        null,
        null,
        null,
        null,
        null,
        null,
        null,
        null,
        null,
        null,
        null,
        1,
        null,
        null,
        null,
        null,
        null,
        null,
        null,
        null,
        null,
        null,
        null,
        null,
        null,
        null,
        null,
        null,
        null,
        null,
        null,
        null,
        null,
        null,
        null,
        null,
        null,
        null,
        null,
        null,
        null,
        null,
        1,
        null,
        null,
        null,
        null,
        null,
        null,
        null,
        null,
        null,
        1,
        null,
        null,
        null,
        null,
        null,
        null,
        null,
        null,
        null,
        null,
        1,
        null,
        null,
        null,
        null,
        1,
        null,
        null,
        null,
        null,
        null,
        null,
        null,
        null,
        null,
        null,
        null,
        null,
        null,
        null,
        null,
        null,
        null,
        null,
        null,
        null,
        null,
        null,
        null,
        null,
        null,
        null,
        null,
        null,
        null,
        null,
        null,
        null,
        null,
        null,
        null,
        null,
        null,
        null,
        null,
        null,
        1,
        null,
        null,
        null,
        null,
        null,
        null,
        null,
        null,
        null,
        null,
        null,
        null,
        null,
        null,
        null,
        null,
        null,
        null,
        null,
        null,
        null,
        null,
        null,
        null,
        null,
        null,
        null,
        null,
        null,
        null,
        null,
        null,
        null,
        null,
        null,
        null,
        null,
        null,
        null,
        null,
        null,
        1,
        null,
        null,
        null,
        null,
        null,
        null,
        null,
        null,
        null,
        null,
        null,
        null,
        null,
        null,
        null,
        null,
        null,
        null,
        null,
        null,
        null,
        null,
        null,
        null,
        null,
        null,
        null,
        null,
        null,
        null,
        null,
        null,
        null,
        null,
        null,
        null
      ],
      "/home/rohan/Documents/_1web-practise/waefinal2017_v4/config/initializers/filter_parameter_logging.rb": [
        null,
        null,
        null,
        1
      ],
      "/home/rohan/Documents/_1web-practise/waefinal2017_v4/config/initializers/inflections.rb": [
        null,
        null,
        null,
        null,
        null,
        null,
        null,
        null,
        null,
        null,
        null,
        null,
        null,
        null,
        null,
        null
      ],
      "/home/rohan/Documents/_1web-practise/waefinal2017_v4/config/initializers/mime_types.rb": [
        null,
        null,
        null,
        null
      ],
      "/home/rohan/Documents/_1web-practise/waefinal2017_v4/config/initializers/wrap_parameters.rb": [
        null,
        null,
        null,
        null,
        null,
        null,
        1,
        0,
        null,
        null,
        null,
        null,
        null,
        null
      ],
      "/home/rohan/Documents/_1web-practise/waefinal2017_v4/config/routes.rb": [
        1,
        null,
        1,
        1,
        null,
        1,
        1,
        1,
        null,
        null,
        1,
        null,
        null,
        null
      ],
      "/home/rohan/Documents/_1web-practise/waefinal2017_v4/app/models/user.rb": [
        1,
        null,
        null,
        1,
        null,
        null
      ],
      "/home/rohan/Documents/_1web-practise/waefinal2017_v4/app/models/application_record.rb": [
        1,
        1,
        null
      ],
      "/home/rohan/Documents/_1web-practise/waefinal2017_v4/test/controllers/courses_controller_test.rb": [
        1,
        null,
        1,
        1,
        0,
        null,
        null,
        1,
        0,
        0,
        null,
        null,
        1,
        0,
        0,
        null,
        null,
        1,
        0,
        0,
        null,
        null,
        1,
        0,
        0,
        null,
        null,
        0,
        null,
        null,
        1,
        0,
        0,
        null,
        null,
        0,
        null,
        null,
        1,
        0,
        0,
        null,
        null,
        1,
        0,
        0,
        null,
        null,
        1,
        0,
        0,
        null,
        null,
        1,
        0,
        0,
        null,
        null,
        0,
        null,
        null
      ],
      "/home/rohan/Documents/_1web-practise/waefinal2017_v4/test/controllers/registration_courses_controller_test.rb": [
        1,
        null,
        1,
        1,
        0,
        null,
        null,
        1,
        0,
        0,
        null,
        null,
        1,
        0,
        0,
        null,
        null,
        1,
        0,
        0,
        null,
        null,
        0,
        null,
        null,
        1,
        0,
        0,
        null,
        null,
        1,
        0,
        0,
        null,
        null,
        1,
        0,
        0,
        null,
        null,
        1,
        0,
        0,
        null,
        null,
        0,
        null,
        null
      ],
      "/home/rohan/Documents/_1web-practise/waefinal2017_v4/test/controllers/registrations_controller_test.rb": [
        1,
        null,
        1,
        1,
        0,
        null,
        null,
        1,
        0,
        0,
        null,
        null,
        1,
        0,
        0,
        null,
        null,
        1,
        0,
        0,
        null,
        null,
        0,
        null,
        null,
        1,
        0,
        0,
        null,
        null,
        1,
        0,
        0,
        null,
        null,
        1,
        0,
        0,
        null,
        null,
        1,
        0,
        0,
        null,
        null,
        0,
        null,
        null
      ],
      "/home/rohan/Documents/_1web-practise/waefinal2017_v4/test/models/course_offering_test.rb": [
        1,
        null,
        1,
        null,
        null,
        null,
        null
      ],
      "/home/rohan/Documents/_1web-practise/waefinal2017_v4/test/models/course_test.rb": [
        1,
        null,
        1,
        null,
        null,
        null,
        null
      ],
      "/home/rohan/Documents/_1web-practise/waefinal2017_v4/test/models/registration_course_test.rb": [
        1,
        null,
        1,
        null,
        null,
        null,
        null
      ],
      "/home/rohan/Documents/_1web-practise/waefinal2017_v4/test/models/registration_test.rb": [
        1,
        null,
        1,
        null,
        null,
        null,
        null
      ],
      "/home/rohan/Documents/_1web-practise/waefinal2017_v4/test/models/user_test.rb": [
        1,
        null,
        1,
        null,
        null,
        null,
        null
      ],
      "/home/rohan/Documents/_1web-practise/waefinal2017_v4/app/models/course.rb": [
        1,
        1,
        null
      ],
      "/home/rohan/Documents/_1web-practise/waefinal2017_v4/app/models/registration.rb": [
        1,
        1,
        1,
        null
      ],
      "/home/rohan/Documents/_1web-practise/waefinal2017_v4/app/models/course_offering.rb": [
        1,
        1,
        null
      ],
      "/home/rohan/Documents/_1web-practise/waefinal2017_v4/app/models/registration_course.rb": [
        1,
        1,
        1,
        null
      ]
    },
    "timestamp": 1542637848
  }
}
